<?xml version="1.0" encoding="utf-8"?><testsuite errors="0" failures="0" name="pytest" skips="0" tests="7" time="2.393"><testcase classname="test_submit" file="test_submit.py" line="3" name="test_q1" time="0.001004934310913086"></testcase><testcase classname="test_submit" file="test_submit.py" line="8" name="test_q2" time="0.001992464065551758"></testcase><testcase classname="test_submit" file="test_submit.py" line="13" name="test_q3" time="0.0019931793212890625"></testcase><testcase classname="test_submit" file="test_submit.py" line="18" name="test_q4" time="0.002025604248046875"></testcase><testcase classname="test_submit" file="test_submit.py" line="23" name="test_q5" time="0.0"></testcase><testcase classname="test_submit" file="test_submit.py" line="28" name="test_q6" time="0.0009970664978027344"></testcase><testcase classname="test_submit" file="test_submit.py" line="33" name="test_q7" time="0.0020253658294677734"></testcase></testsuite>